-1.6
-encoding
UTF-8
-showWeaveInfo
-source
1.6
-verbose
-classpath
/home/lieven/.m2/repository/aopalliance/aopalliance/1.0/aopalliance-1.0.jar:/home/lieven/.m2/repository/cglib/cglib-nodep/2.2/cglib-nodep-2.2.jar:/home/lieven/.m2/repository/com/jgoodies/forms/1.2.1/forms-1.2.1.jar:/home/lieven/.m2/repository/com/jhlabs/filters/2.0.235/filters-2.0.235.jar:/home/lieven/.m2/repository/commons-collections/commons-collections/3.2.1/commons-collections-3.2.1.jar:/home/lieven/.m2/repository/commons-logging/commons-logging/1.1.1/commons-logging-1.1.1.jar:/home/lieven/.m2/repository/javax/persistence/persistence-api/1.0/persistence-api-1.0.jar:/home/lieven/.m2/repository/org/aspectj/aspectjrt/1.6.8/aspectjrt-1.6.8.jar:/home/lieven/.m2/repository/org/aspectj/aspectjweaver/1.6.8/aspectjweaver-1.6.8.jar:/home/lieven/.m2/repository/org/slf4j/jcl-over-slf4j/1.6.1/jcl-over-slf4j-1.6.1.jar:/home/lieven/.m2/repository/org/slf4j/slf4j-api/1.6.1/slf4j-api-1.6.1.jar:/home/lieven/.m2/repository/org/springframework/spring-aop/3.0.3.RELEASE/spring-aop-3.0.3.RELEASE.jar:/home/lieven/.m2/repository/org/springframework/spring-asm/3.0.5.RELEASE/spring-asm-3.0.5.RELEASE.jar:/home/lieven/.m2/repository/org/springframework/spring-aspects/3.0.5.RELEASE/spring-aspects-3.0.5.RELEASE.jar:/home/lieven/.m2/repository/org/springframework/spring-beans/3.0.5.RELEASE/spring-beans-3.0.5.RELEASE.jar:/home/lieven/.m2/repository/org/springframework/spring-context/3.0.5.RELEASE/spring-context-3.0.5.RELEASE.jar:/home/lieven/.m2/repository/org/springframework/spring-context-support/3.0.5.RELEASE/spring-context-support-3.0.5.RELEASE.jar:/home/lieven/.m2/repository/org/springframework/spring-core/3.0.5.RELEASE/spring-core-3.0.5.RELEASE.jar:/home/lieven/.m2/repository/org/springframework/spring-expression/3.0.3.RELEASE/spring-expression-3.0.3.RELEASE.jar:/home/lieven/.m2/repository/org/springframework/spring-test/3.0.5.RELEASE/spring-test-3.0.5.RELEASE.jar:/home/lieven/.m2/repository/org/springframework/spring-tx/3.0.3.RELEASE/spring-tx-3.0.3.RELEASE.jar:/home/lieven/.m2/repository/org/springframework/security/spring-security-core/3.0.5.RELEASE/spring-security-core-3.0.5.RELEASE.jar:/home/lieven/.m2/repository/org/swinglabs/swing-worker/1.1/swing-worker-1.1.jar:/home/lieven/.m2/repository/org/swinglabs/swingx/1.6/swingx-1.6.jar:/home/lieven/development/sources/opensource/valkyrie-rcp/valkyrie-rcp-resources/target/classes:/home/lieven/development/sources/opensource/valkyrie-rcp/valkyrie-rcp-core/target/classes
-aspectpath
/home/lieven/.m2/repository/org/springframework/spring-aspects/3.0.5.RELEASE/spring-aspects-3.0.5.RELEASE.jar
-d
/home/lieven/development/sources/opensource/valkyrie-rcp/valkyrie-rcp-core/target/classes
/home/lieven/development/sources/opensource/valkyrie-rcp/valkyrie-rcp-core/src/main/java/org/valkyriercp/factory/TableFactory.java
/home/lieven/development/sources/opensource/valkyrie-rcp/valkyrie-rcp-core/src/main/java/org/valkyriercp/application/config/support/ApplicationWindowAware.java
/home/lieven/development/sources/opensource/valkyrie-rcp/valkyrie-rcp-core/src/main/java/org/valkyriercp/application/support/PageComponentListenerAdapter.java
/home/lieven/development/sources/opensource/valkyrie-rcp/valkyrie-rcp-core/src/main/java/org/valkyriercp/command/support/ExclusiveCommandGroup.java
/home/lieven/development/sources/opensource/valkyrie-rcp/valkyrie-rcp-core/src/main/java/org/valkyriercp/command/config/DefaultCommandConfigurer.java
/home/lieven/development/sources/opensource/valkyrie-rcp/valkyrie-rcp-core/src/main/java/org/valkyriercp/security/SecurityController.java
/home/lieven/development/sources/opensource/valkyrie-rcp/valkyrie-rcp-core/src/main/java/org/valkyriercp/command/support/InvalidGroupMemberException.java
/home/lieven/development/sources/opensource/valkyrie-rcp/valkyrie-rcp-core/src/main/java/org/valkyriercp/command/support/GlueGroupMember.java
/home/lieven/development/sources/opensource/valkyrie-rcp/valkyrie-rcp-core/src/main/java/org/valkyriercp/core/DescriptionConfigurable.java
/home/lieven/development/sources/opensource/valkyrie-rcp/valkyrie-rcp-core/src/main/java/org/valkyriercp/command/support/DefaultCommandManager.java
/home/lieven/development/sources/opensource/valkyrie-rcp/valkyrie-rcp-core/src/main/java/org/valkyriercp/factory/ControlFactory.java
/home/lieven/development/sources/opensource/valkyrie-rcp/valkyrie-rcp-core/src/main/java/org/valkyriercp/image/NoSuchImageResourceException.java
/home/lieven/development/sources/opensource/valkyrie-rcp/valkyrie-rcp-core/src/main/java/org/valkyriercp/component/ShadowBorder.java
/home/lieven/development/sources/opensource/valkyrie-rcp/valkyrie-rcp-core/src/main/java/org/valkyriercp/application/config/support/DefaultApplicationLifecycleAdvisor.java
/home/lieven/development/sources/opensource/valkyrie-rcp/valkyrie-rcp-core/src/main/java/org/valkyriercp/command/support/SwingActionAdapter.java
/home/lieven/development/sources/opensource/valkyrie-rcp/valkyrie-rcp-core/src/main/java/org/valkyriercp/command/GroupContainerPopulator.java
/home/lieven/development/sources/opensource/valkyrie-rcp/valkyrie-rcp-core/src/main/java/org/valkyriercp/application/ViewContext.java
/home/lieven/development/sources/opensource/valkyrie-rcp/valkyrie-rcp-core/src/main/java/org/valkyriercp/security/AuthenticationAware.java
/home/lieven/development/sources/opensource/valkyrie-rcp/valkyrie-rcp-core/src/main/java/org/valkyriercp/progress/ProgressMonitor.java
/home/lieven/development/sources/opensource/valkyrie-rcp/valkyrie-rcp-core/src/main/java/org/valkyriercp/factory/ButtonFactory.java
/home/lieven/development/sources/opensource/valkyrie-rcp/valkyrie-rcp-core/src/main/java/org/valkyriercp/application/View.java
/home/lieven/development/sources/opensource/valkyrie-rcp/valkyrie-rcp-core/src/main/java/org/valkyriercp/application/PageComponentPane.java
/home/lieven/development/sources/opensource/valkyrie-rcp/valkyrie-rcp-core/src/main/java/org/valkyriercp/command/config/DefaultCommandConfig.java
/home/lieven/development/sources/opensource/valkyrie-rcp/valkyrie-rcp-core/src/main/java/org/valkyriercp/application/PageComponentPaneFactory.java
/home/lieven/development/sources/opensource/valkyrie-rcp/valkyrie-rcp-core/src/main/java/org/valkyriercp/application/ViewDescriptorRegistry.java
/home/lieven/development/sources/opensource/valkyrie-rcp/valkyrie-rcp-core/src/main/java/org/valkyriercp/core/ApplicationConfigAccessor.java
/home/lieven/development/sources/opensource/valkyrie-rcp/valkyrie-rcp-core/src/main/java/org/valkyriercp/util/EventListenerListHelper.java
/home/lieven/development/sources/opensource/valkyrie-rcp/valkyrie-rcp-core/src/main/java/org/valkyriercp/core/ButtonConfigurer.java
/home/lieven/development/sources/opensource/valkyrie-rcp/valkyrie-rcp-core/src/main/java/org/valkyriercp/core/VisualizedElement.java
/home/lieven/development/sources/opensource/valkyrie-rcp/valkyrie-rcp-core/src/main/java/org/valkyriercp/security/ClientSecurityEvent.java
/home/lieven/development/sources/opensource/valkyrie-rcp/valkyrie-rcp-core/src/main/java/org/valkyriercp/command/support/InvalidGroupMemberEncodingException.java
/home/lieven/development/sources/opensource/valkyrie-rcp/valkyrie-rcp-core/src/main/java/org/valkyriercp/application/PageComponentContext.java
/home/lieven/development/sources/opensource/valkyrie-rcp/valkyrie-rcp-core/src/main/java/org/valkyriercp/application/PageListener.java
/home/lieven/development/sources/opensource/valkyrie-rcp/valkyrie-rcp-core/src/main/java/org/valkyriercp/command/support/SimpleGroupMember.java
/home/lieven/development/sources/opensource/valkyrie-rcp/valkyrie-rcp-core/src/main/java/org/valkyriercp/application/StatusBar.java
/home/lieven/development/sources/opensource/valkyrie-rcp/valkyrie-rcp-core/src/main/java/org/valkyriercp/image/config/IconConfigurable.java
/home/lieven/development/sources/opensource/valkyrie-rcp/valkyrie-rcp-core/src/main/java/org/valkyriercp/application/config/ApplicationObjectConfigurer.java
/home/lieven/development/sources/opensource/valkyrie-rcp/valkyrie-rcp-core/src/main/java/org/valkyriercp/command/support/ActionCommand.java
/home/lieven/development/sources/opensource/valkyrie-rcp/valkyrie-rcp-core/src/main/java/org/valkyriercp/command/config/ToolBarCommandButtonConfigurer.java
/home/lieven/development/sources/opensource/valkyrie-rcp/valkyrie-rcp-core/src/main/java/org/valkyriercp/application/ApplicationWindowConfigurer.java
/home/lieven/development/sources/opensource/valkyrie-rcp/valkyrie-rcp-core/src/main/java/org/valkyriercp/application/ApplicationPageFactory.java
/home/lieven/development/sources/opensource/valkyrie-rcp/valkyrie-rcp-core/src/main/java/org/valkyriercp/application/support/SingleViewPageDescriptor.java
/home/lieven/development/sources/opensource/valkyrie-rcp/valkyrie-rcp-core/src/main/java/org/valkyriercp/application/config/support/AbstractApplicationConfig.java
/home/lieven/development/sources/opensource/valkyrie-rcp/valkyrie-rcp-core/src/main/java/org/valkyriercp/application/support/AbstractPageDescriptor.java
/home/lieven/development/sources/opensource/valkyrie-rcp/valkyrie-rcp-core/src/main/java/org/valkyriercp/command/support/ComponentGroupMember.java
/home/lieven/development/sources/opensource/valkyrie-rcp/valkyrie-rcp-core/src/main/java/org/valkyriercp/factory/ComponentFactory.java
/home/lieven/development/sources/opensource/valkyrie-rcp/valkyrie-rcp-core/src/main/java/org/valkyriercp/command/CommandManager.java
/home/lieven/development/sources/opensource/valkyrie-rcp/valkyrie-rcp-core/src/main/java/org/valkyriercp/command/ActionCommandExecutor.java
/home/lieven/development/sources/opensource/valkyrie-rcp/valkyrie-rcp-core/src/main/java/org/valkyriercp/image/ShadowedIcon.java
/home/lieven/development/sources/opensource/valkyrie-rcp/valkyrie-rcp-core/src/main/java/org/valkyriercp/core/support/LabelInfo.java
/home/lieven/development/sources/opensource/valkyrie-rcp/valkyrie-rcp-core/src/main/java/org/valkyriercp/application/ApplicationWindow.java
/home/lieven/development/sources/opensource/valkyrie-rcp/valkyrie-rcp-core/src/main/java/org/valkyriercp/command/support/CommandException.java
/home/lieven/development/sources/opensource/valkyrie-rcp/valkyrie-rcp-core/src/main/java/org/valkyriercp/command/support/GroupMemberList.java
/home/lieven/development/sources/opensource/valkyrie-rcp/valkyrie-rcp-core/src/main/java/org/valkyriercp/command/support/CommandRegistryEvent.java
/home/lieven/development/sources/opensource/valkyrie-rcp/valkyrie-rcp-core/src/main/java/org/valkyriercp/command/support/DefaultCommandServices.java
/home/lieven/development/sources/opensource/valkyrie-rcp/valkyrie-rcp-core/src/main/java/org/valkyriercp/command/support/SimpleGroupContainerPopulator.java
/home/lieven/development/sources/opensource/valkyrie-rcp/valkyrie-rcp-core/src/main/java/org/valkyriercp/application/PageComponentListener.java
/home/lieven/development/sources/opensource/valkyrie-rcp/valkyrie-rcp-core/src/main/java/org/valkyriercp/application/config/ApplicationLifecycleAdvisor.java
/home/lieven/development/sources/opensource/valkyrie-rcp/valkyrie-rcp-core/src/main/java/org/valkyriercp/image/ArrowIcon.java
/home/lieven/development/sources/opensource/valkyrie-rcp/valkyrie-rcp-core/src/main/java/org/valkyriercp/command/GuardedActionCommandExecutor.java
/home/lieven/development/sources/opensource/valkyrie-rcp/valkyrie-rcp-core/src/main/java/org/valkyriercp/image/DefaultImageSource.java
/home/lieven/development/sources/opensource/valkyrie-rcp/valkyrie-rcp-core/src/main/java/org/valkyriercp/factory/CommandFactory.java
/home/lieven/development/sources/opensource/valkyrie-rcp/valkyrie-rcp-core/src/main/java/org/valkyriercp/command/CommandServices.java
/home/lieven/development/sources/opensource/valkyrie-rcp/valkyrie-rcp-core/src/main/java/org/valkyriercp/command/support/AbstractCommand.java
/home/lieven/development/sources/opensource/valkyrie-rcp/valkyrie-rcp-core/src/main/java/org/valkyriercp/core/PropertyChangePublisher.java
/home/lieven/development/sources/opensource/valkyrie-rcp/valkyrie-rcp-core/src/main/java/org/valkyriercp/util/GuiStandardUtils.java
/home/lieven/development/sources/opensource/valkyrie-rcp/valkyrie-rcp-core/src/main/java/org/valkyriercp/command/config/MenuItemButtonConfigurer.java
/home/lieven/development/sources/opensource/valkyrie-rcp/valkyrie-rcp-core/src/main/java/org/valkyriercp/command/support/SeparatorGroupMember.java
/home/lieven/development/sources/opensource/valkyrie-rcp/valkyrie-rcp-core/src/main/java/org/valkyriercp/command/config/CommandButtonIconInfo.java
/home/lieven/development/sources/opensource/valkyrie-rcp/valkyrie-rcp-core/src/main/java/org/valkyriercp/command/support/CommandGroup.java
/home/lieven/development/sources/opensource/valkyrie-rcp/valkyrie-rcp-core/src/main/java/org/valkyriercp/application/config/support/ApplicationWindowSetter.java
/home/lieven/development/sources/opensource/valkyrie-rcp/valkyrie-rcp-core/src/main/java/org/valkyriercp/application/support/SharedCommandTargeter.java
/home/lieven/development/sources/opensource/valkyrie-rcp/valkyrie-rcp-core/src/main/java/org/valkyriercp/command/config/CommandIconConfigurable.java
/home/lieven/development/sources/opensource/valkyrie-rcp/valkyrie-rcp-core/src/main/java/org/valkyriercp/command/support/CommandGroupFactoryBean.java
/home/lieven/development/sources/opensource/valkyrie-rcp/valkyrie-rcp-core/src/main/java/org/valkyriercp/application/ApplicationPage.java
/home/lieven/development/sources/opensource/valkyrie-rcp/valkyrie-rcp-core/src/main/java/org/valkyriercp/core/LabelConfigurable.java
/home/lieven/development/sources/opensource/valkyrie-rcp/valkyrie-rcp-core/src/main/java/org/valkyriercp/command/config/CommandButtonLabelInfo.java
/home/lieven/development/sources/opensource/valkyrie-rcp/valkyrie-rcp-core/src/main/java/org/valkyriercp/image/ImageSource.java
/home/lieven/development/sources/opensource/valkyrie-rcp/valkyrie-rcp-core/src/main/java/org/valkyriercp/core/Message.java
/home/lieven/development/sources/opensource/valkyrie-rcp/valkyrie-rcp-core/src/main/java/org/valkyriercp/application/support/ApplicationWindowCommandManager.java
/home/lieven/development/sources/opensource/valkyrie-rcp/valkyrie-rcp-core/src/main/java/org/valkyriercp/core/support/AbstractPropertyChangePublisher.java
/home/lieven/development/sources/opensource/valkyrie-rcp/valkyrie-rcp-core/src/main/java/org/valkyriercp/application/ApplicationWindowFactory.java
/home/lieven/development/sources/opensource/valkyrie-rcp/valkyrie-rcp-core/src/main/java/org/valkyriercp/security/LogoutEvent.java
/home/lieven/development/sources/opensource/valkyrie-rcp/valkyrie-rcp-core/src/main/java/org/valkyriercp/application/support/AbstractApplicationWindow.java
/home/lieven/development/sources/opensource/valkyrie-rcp/valkyrie-rcp-core/src/main/java/org/valkyriercp/command/support/ButtonStackGroupContainerPopulator.java
/home/lieven/development/sources/opensource/valkyrie-rcp/valkyrie-rcp-core/src/main/java/org/valkyriercp/application/PageLayoutBuilder.java
/home/lieven/development/sources/opensource/valkyrie-rcp/valkyrie-rcp-core/src/main/java/org/valkyriercp/command/support/ExitCommand.java
/home/lieven/development/sources/opensource/valkyrie-rcp/valkyrie-rcp-core/src/main/java/org/valkyriercp/application/support/DefaultViewContext.java
/home/lieven/development/sources/opensource/valkyrie-rcp/valkyrie-rcp-core/src/main/java/org/valkyriercp/image/DefaultIconSource.java
/home/lieven/development/sources/opensource/valkyrie-rcp/valkyrie-rcp-core/src/main/java/org/valkyriercp/application/PropertyNotSetException.java
/home/lieven/development/sources/opensource/valkyrie-rcp/valkyrie-rcp-core/src/main/java/org/valkyriercp/command/CommandRegistry.java
/home/lieven/development/sources/opensource/valkyrie-rcp/valkyrie-rcp-core/src/main/java/org/valkyriercp/application/support/DefaultApplicationPageFactory.java
/home/lieven/development/sources/opensource/valkyrie-rcp/valkyrie-rcp-core/src/main/java/org/valkyriercp/command/config/CommandButtonConfigurer.java
/home/lieven/development/sources/opensource/valkyrie-rcp/valkyrie-rcp-core/src/main/java/org/valkyriercp/command/config/DefaultCommandButtonConfigurer.java
/home/lieven/development/sources/opensource/valkyrie-rcp/valkyrie-rcp-core/src/main/java/org/valkyriercp/util/UIConstants.java
/home/lieven/development/sources/opensource/valkyrie-rcp/valkyrie-rcp-core/src/main/java/org/valkyriercp/security/LoginEvent.java
/home/lieven/development/sources/opensource/valkyrie-rcp/valkyrie-rcp-core/src/main/java/org/valkyriercp/application/support/BeanFactoryViewDescriptorRegistry.java
/home/lieven/development/sources/opensource/valkyrie-rcp/valkyrie-rcp-core/src/main/java/org/valkyriercp/command/support/DefaultCommandRegistry.java
/home/lieven/development/sources/opensource/valkyrie-rcp/valkyrie-rcp-core/src/main/java/org/valkyriercp/util/WindowUtils.java
/home/lieven/development/sources/opensource/valkyrie-rcp/valkyrie-rcp-core/src/main/java/org/valkyriercp/command/support/CommandFaceButtonManager.java
/home/lieven/development/sources/opensource/valkyrie-rcp/valkyrie-rcp-core/src/main/java/org/valkyriercp/application/support/MultiViewPageDescriptor.java
/home/lieven/development/sources/opensource/valkyrie-rcp/valkyrie-rcp-core/src/main/java/org/valkyriercp/application/PageComponent.java
/home/lieven/development/sources/opensource/valkyrie-rcp/valkyrie-rcp-core/src/main/java/org/valkyriercp/application/PageComponentDescriptor.java
/home/lieven/development/sources/opensource/valkyrie-rcp/valkyrie-rcp-core/src/main/java/org/valkyriercp/factory/AbstractControlFactory.java
/home/lieven/development/sources/opensource/valkyrie-rcp/valkyrie-rcp-core/src/main/java/org/valkyriercp/core/Severity.java
/home/lieven/development/sources/opensource/valkyrie-rcp/valkyrie-rcp-core/src/main/java/org/valkyriercp/command/support/ExclusiveCommandGroupSelectionController.java
/home/lieven/development/sources/opensource/valkyrie-rcp/valkyrie-rcp-core/src/main/java/org/valkyriercp/application/Application.java
/home/lieven/development/sources/opensource/valkyrie-rcp/valkyrie-rcp-core/src/main/java/org/valkyriercp/command/ActionCommandInterceptor.java
/home/lieven/development/sources/opensource/valkyrie-rcp/valkyrie-rcp-core/src/main/java/org/valkyriercp/command/CommandRegistryListener.java
/home/lieven/development/sources/opensource/valkyrie-rcp/valkyrie-rcp-core/src/main/java/org/valkyriercp/factory/DefaultMenuFactory.java
/home/lieven/development/sources/opensource/valkyrie-rcp/valkyrie-rcp-core/src/main/java/org/valkyriercp/core/support/LabeledObjectSupport.java
/home/lieven/development/sources/opensource/valkyrie-rcp/valkyrie-rcp-core/src/main/java/org/valkyriercp/command/support/ToggleButtonPopupListener.java
/home/lieven/development/sources/opensource/valkyrie-rcp/valkyrie-rcp-core/src/main/java/org/valkyriercp/factory/MenuFactory.java
/home/lieven/development/sources/opensource/valkyrie-rcp/valkyrie-rcp-core/src/main/java/org/valkyriercp/command/support/CommandGroupEvent.java
/home/lieven/development/sources/opensource/valkyrie-rcp/valkyrie-rcp-core/src/main/java/org/valkyriercp/core/ColorConfigurable.java
/home/lieven/development/sources/opensource/valkyrie-rcp/valkyrie-rcp-core/src/main/java/org/valkyriercp/application/WindowManager.java
/home/lieven/development/sources/opensource/valkyrie-rcp/valkyrie-rcp-core/src/main/java/org/valkyriercp/security/support/DefaultSecurityControllerManager.java
/home/lieven/development/sources/opensource/valkyrie-rcp/valkyrie-rcp-core/src/main/java/org/valkyriercp/application/support/AbstractApplicationPage.java
/home/lieven/development/sources/opensource/valkyrie-rcp/valkyrie-rcp-core/src/main/java/org/valkyriercp/factory/DefaultComponentFactory.java
/home/lieven/development/sources/opensource/valkyrie-rcp/valkyrie-rcp-core/src/main/java/org/valkyriercp/application/ViewDescriptor.java
/home/lieven/development/sources/opensource/valkyrie-rcp/valkyrie-rcp-core/src/main/java/org/valkyriercp/application/ConfigurationException.java
/home/lieven/development/sources/opensource/valkyrie-rcp/valkyrie-rcp-core/src/main/java/org/valkyriercp/util/Alignment.java
/home/lieven/development/sources/opensource/valkyrie-rcp/valkyrie-rcp-core/src/main/java/org/valkyriercp/command/CommandGroupListener.java
/home/lieven/development/sources/opensource/valkyrie-rcp/valkyrie-rcp-core/src/main/java/org/valkyriercp/command/support/TargetableActionCommand.java
/home/lieven/development/sources/opensource/valkyrie-rcp/valkyrie-rcp-core/src/main/java/org/valkyriercp/command/support/CommandNotOfRequiredTypeException.java
/home/lieven/development/sources/opensource/valkyrie-rcp/valkyrie-rcp-core/src/main/java/org/valkyriercp/application/support/DefaultPageComponentPaneFactory.java
/home/lieven/development/sources/opensource/valkyrie-rcp/valkyrie-rcp-core/src/main/java/org/valkyriercp/command/support/ApplicationWindowAwareCommand.java
/home/lieven/development/sources/opensource/valkyrie-rcp/valkyrie-rcp-core/src/main/java/org/valkyriercp/image/IconSource.java
/home/lieven/development/sources/opensource/valkyrie-rcp/valkyrie-rcp-core/src/main/java/org/valkyriercp/application/support/DefaultApplicationDescriptor.java
/home/lieven/development/sources/opensource/valkyrie-rcp/valkyrie-rcp-core/src/main/java/org/valkyriercp/application/support/EmptyPageDescriptor.java
/home/lieven/development/sources/opensource/valkyrie-rcp/valkyrie-rcp-core/src/main/java/org/valkyriercp/command/support/ButtonBarGroupContainerPopulator.java
/home/lieven/development/sources/opensource/valkyrie-rcp/valkyrie-rcp-core/src/main/java/org/valkyriercp/image/AwtImageResource.java
/home/lieven/development/sources/opensource/valkyrie-rcp/valkyrie-rcp-core/src/main/java/org/valkyriercp/application/config/support/AbstractApplicationLifecycleAdvisor.java
/home/lieven/development/sources/opensource/valkyrie-rcp/valkyrie-rcp-core/src/main/java/org/valkyriercp/command/config/PullDownMenuButtonConfigurer.java
/home/lieven/development/sources/opensource/valkyrie-rcp/valkyrie-rcp-core/src/main/java/org/valkyriercp/application/support/StatusBarProgressMonitor.java
/home/lieven/development/sources/opensource/valkyrie-rcp/valkyrie-rcp-core/src/main/java/org/valkyriercp/command/config/CommandFaceDescriptorRegistry.java
/home/lieven/development/sources/opensource/valkyrie-rcp/valkyrie-rcp-core/src/main/java/org/valkyriercp/command/support/ExpansionPointGroupMember.java
/home/lieven/development/sources/opensource/valkyrie-rcp/valkyrie-rcp-core/src/main/java/org/valkyriercp/component/PatchedJFormattedTextField.java
/home/lieven/development/sources/opensource/valkyrie-rcp/valkyrie-rcp-core/src/main/java/org/valkyriercp/security/AuthenticationEvent.java
/home/lieven/development/sources/opensource/valkyrie-rcp/valkyrie-rcp-core/src/main/java/org/valkyriercp/application/PageDescriptor.java
/home/lieven/development/sources/opensource/valkyrie-rcp/valkyrie-rcp-core/src/main/java/org/valkyriercp/command/support/LazyGroupMember.java
/home/lieven/development/sources/opensource/valkyrie-rcp/valkyrie-rcp-core/src/main/java/org/valkyriercp/command/CommandConfigurer.java
/home/lieven/development/sources/opensource/valkyrie-rcp/valkyrie-rcp-core/src/main/java/org/valkyriercp/image/Handler.java
/home/lieven/development/sources/opensource/valkyrie-rcp/valkyrie-rcp-core/src/main/java/org/valkyriercp/application/support/DefaultApplication.java
/home/lieven/development/sources/opensource/valkyrie-rcp/valkyrie-rcp-core/src/main/java/org/valkyriercp/core/Guarded.java
/home/lieven/development/sources/opensource/valkyrie-rcp/valkyrie-rcp-core/src/main/java/org/valkyriercp/core/Authorizable.java
/home/lieven/development/sources/opensource/valkyrie-rcp/valkyrie-rcp-core/src/main/java/org/valkyriercp/command/support/ToggleCommand.java
/home/lieven/development/sources/opensource/valkyrie-rcp/valkyrie-rcp-core/src/main/java/org/valkyriercp/component/SimpleInternalFrame.java
/home/lieven/development/sources/opensource/valkyrie-rcp/valkyrie-rcp-core/src/main/java/org/valkyriercp/security/LoginAware.java
/home/lieven/development/sources/opensource/valkyrie-rcp/valkyrie-rcp-core/src/main/java/org/valkyriercp/application/support/DefaultStatusBar.java
/home/lieven/development/sources/opensource/valkyrie-rcp/valkyrie-rcp-core/src/main/java/org/valkyriercp/security/SecurityControllerManager.java
/home/lieven/development/sources/opensource/valkyrie-rcp/valkyrie-rcp-core/src/main/java/org/valkyriercp/core/Secured.java
/home/lieven/development/sources/opensource/valkyrie-rcp/valkyrie-rcp-core/src/main/java/org/valkyriercp/command/support/GroupMember.java
/home/lieven/development/sources/opensource/valkyrie-rcp/valkyrie-rcp-core/src/main/java/org/valkyriercp/application/support/DefaultApplicationWindowConfigurer.java
/home/lieven/development/sources/opensource/valkyrie-rcp/valkyrie-rcp-core/src/main/java/org/valkyriercp/image/config/ImageConfigurable.java
/home/lieven/development/sources/opensource/valkyrie-rcp/valkyrie-rcp-core/src/main/java/org/valkyriercp/command/config/CommandLabelConfigurable.java
/home/lieven/development/sources/opensource/valkyrie-rcp/valkyrie-rcp-core/src/main/java/org/valkyriercp/factory/DefaultButtonFactory.java
/home/lieven/development/sources/opensource/valkyrie-rcp/valkyrie-rcp-core/src/main/java/org/valkyriercp/command/support/GroupMemberContainerManager.java
/home/lieven/development/sources/opensource/valkyrie-rcp/valkyrie-rcp-core/src/main/java/org/valkyriercp/command/config/AbstractCommandConfig.java
/home/lieven/development/sources/opensource/valkyrie-rcp/valkyrie-rcp-core/src/main/java/org/valkyriercp/core/DescribedElement.java
/home/lieven/development/sources/opensource/valkyrie-rcp/valkyrie-rcp-core/src/main/java/org/valkyriercp/application/config/support/DefaultApplicationObjectConfigurer.java
/home/lieven/development/sources/opensource/valkyrie-rcp/valkyrie-rcp-core/src/main/java/org/valkyriercp/application/support/DefaultApplicationWindowFactory.java
/home/lieven/development/sources/opensource/valkyrie-rcp/valkyrie-rcp-core/src/main/java/org/valkyriercp/application/ApplicationException.java
/home/lieven/development/sources/opensource/valkyrie-rcp/valkyrie-rcp-core/src/main/java/org/valkyriercp/core/TitleConfigurable.java
/home/lieven/development/sources/opensource/valkyrie-rcp/valkyrie-rcp-core/src/main/java/org/valkyriercp/command/config/CommandFaceDescriptor.java
/home/lieven/development/sources/opensource/valkyrie-rcp/valkyrie-rcp-core/src/main/java/org/valkyriercp/application/config/ApplicationConfig.java
/home/lieven/development/sources/opensource/valkyrie-rcp/valkyrie-rcp-core/src/main/java/org/valkyriercp/security/SecurityAwareConfigurer.java
/home/lieven/development/sources/opensource/valkyrie-rcp/valkyrie-rcp-core/src/main/java/org/valkyriercp/application/ApplicationDescriptor.java
/home/lieven/development/sources/opensource/valkyrie-rcp/valkyrie-rcp-core/src/main/java/org/valkyriercp/application/support/DefaultPageComponentPane.java
/home/lieven/development/sources/opensource/valkyrie-rcp/valkyrie-rcp-core/src/main/java/org/valkyriercp/application/support/DefaultApplicationWindow.java
/home/lieven/development/sources/opensource/valkyrie-rcp/valkyrie-rcp-core/src/main/java/org/valkyriercp/application/support/DefaultApplicationPage.java
/home/lieven/development/sources/opensource/valkyrie-rcp/valkyrie-rcp-core/src/main/java/org/valkyriercp/command/support/ParameterizableActionCommandExecutor.java
